<?xml version="1.0" encoding="UTF-8"?>
<!-- Generated by org.testng.reporters.JUnitXMLReporter -->
<testsuite ignored="0" hostname="DESKTOP-8AT6061" failures="9" tests="11" name="Test" time="87.583" errors="0" timestamp="2021-10-24T13:07:00 IST">
  <testcase classname="SeleniumEx.MyntraTestcase" name="Verify_alllinkisopen" time="0.007">
    <failure type="java.io.FileNotFoundException" message="mantatest.properties (The system cannot find the file specified)">
      <![CDATA[java.io.FileNotFoundException: mantatest.properties (The system cannot find the file specified)
at java.base/java.io.FileInputStream.open0(Native Method)
at java.base/java.io.FileInputStream.open(FileInputStream.java:211)
at java.base/java.io.FileInputStream.<init>(FileInputStream.java:153)
at java.base/java.io.FileInputStream.<init>(FileInputStream.java:108)
at SeleniumEx.MyntraTestcase.commoncod(MyntraTestcase.java:26)
at SeleniumEx.MyntraTestcase.Verify_alllinkisopen(MyntraTestcase.java:101)
at java.base/java.util.ArrayList.forEach(ArrayList.java:1511)
... Removed 27 stack frames]]>
    </failure>
  </testcase> <!-- Verify_alllinkisopen -->
  <testcase classname="SeleniumEx.MyntraTestcase" name="Verify_Title" time="0.001">
    <failure type="java.io.FileNotFoundException" message="mantatest.properties (The system cannot find the file specified)">
      <![CDATA[java.io.FileNotFoundException: mantatest.properties (The system cannot find the file specified)
at java.base/java.io.FileInputStream.open0(Native Method)
at java.base/java.io.FileInputStream.open(FileInputStream.java:211)
at java.base/java.io.FileInputStream.<init>(FileInputStream.java:153)
at java.base/java.io.FileInputStream.<init>(FileInputStream.java:108)
at SeleniumEx.MyntraTestcase.commoncod(MyntraTestcase.java:26)
at SeleniumEx.MyntraTestcase.Verify_Title(MyntraTestcase.java:51)
at java.base/java.util.ArrayList.forEach(ArrayList.java:1511)
... Removed 27 stack frames]]>
    </failure>
  </testcase> <!-- Verify_Title -->
  <testcase classname="SeleniumEx.MyntraTestcase" name="Verify_Logolink_isworking" time="0.001">
    <failure type="java.io.FileNotFoundException" message="mantatest.properties (The system cannot find the file specified)">
      <![CDATA[java.io.FileNotFoundException: mantatest.properties (The system cannot find the file specified)
at java.base/java.io.FileInputStream.open0(Native Method)
at java.base/java.io.FileInputStream.open(FileInputStream.java:211)
at java.base/java.io.FileInputStream.<init>(FileInputStream.java:153)
at java.base/java.io.FileInputStream.<init>(FileInputStream.java:108)
at SeleniumEx.MyntraTestcase.commoncod(MyntraTestcase.java:26)
at SeleniumEx.MyntraTestcase.Verify_Logolink_isworking(MyntraTestcase.java:86)
at java.base/java.util.ArrayList.forEach(ArrayList.java:1511)
... Removed 27 stack frames]]>
    </failure>
  </testcase> <!-- Verify_Logolink_isworking -->
  <testcase classname="SeleniumEx.MyntraTestcase" name="Verify_AllLinks_isworking" time="0.001">
    <failure type="java.io.FileNotFoundException" message="mantatest.properties (The system cannot find the file specified)">
      <![CDATA[java.io.FileNotFoundException: mantatest.properties (The system cannot find the file specified)
at java.base/java.io.FileInputStream.open0(Native Method)
at java.base/java.io.FileInputStream.open(FileInputStream.java:211)
at java.base/java.io.FileInputStream.<init>(FileInputStream.java:153)
at java.base/java.io.FileInputStream.<init>(FileInputStream.java:108)
at SeleniumEx.MyntraTestcase.commoncod(MyntraTestcase.java:26)
at SeleniumEx.MyntraTestcase.Verify_AllLinks_isworking(MyntraTestcase.java:72)
at java.base/java.util.ArrayList.forEach(ArrayList.java:1511)
... Removed 27 stack frames]]>
    </failure>
  </testcase> <!-- Verify_AllLinks_isworking -->
  <testcase classname="SeleniumEx.MyntraTestcase" name="LinksCounts" time="0.001">
    <failure type="java.io.FileNotFoundException" message="mantatest.properties (The system cannot find the file specified)">
      <![CDATA[java.io.FileNotFoundException: mantatest.properties (The system cannot find the file specified)
at java.base/java.io.FileInputStream.open0(Native Method)
at java.base/java.io.FileInputStream.open(FileInputStream.java:211)
at java.base/java.io.FileInputStream.<init>(FileInputStream.java:153)
at java.base/java.io.FileInputStream.<init>(FileInputStream.java:108)
at SeleniumEx.MyntraTestcase.commoncod(MyntraTestcase.java:26)
at SeleniumEx.MyntraTestcase.LinksCounts(MyntraTestcase.java:59)
at java.base/java.util.ArrayList.forEach(ArrayList.java:1511)
... Removed 27 stack frames]]>
    </failure>
  </testcase> <!-- LinksCounts -->
  <testcase classname="SeleniumEx.MyntraTestcase" name="Verify_pagescroll" time="0.002">
    <failure type="java.io.FileNotFoundException" message="mantatest.properties (The system cannot find the file specified)">
      <![CDATA[java.io.FileNotFoundException: mantatest.properties (The system cannot find the file specified)
at java.base/java.io.FileInputStream.open0(Native Method)
at java.base/java.io.FileInputStream.open(FileInputStream.java:211)
at java.base/java.io.FileInputStream.<init>(FileInputStream.java:153)
at java.base/java.io.FileInputStream.<init>(FileInputStream.java:108)
at SeleniumEx.MyntraTestcase.commoncod(MyntraTestcase.java:26)
at SeleniumEx.MyntraTestcase.Verify_pagescroll(MyntraTestcase.java:93)
at java.base/java.util.ArrayList.forEach(ArrayList.java:1511)
... Removed 27 stack frames]]>
    </failure>
  </testcase> <!-- Verify_pagescroll -->
  <testcase classname="SeleniumEx.TestCasewithTestNG" name="VerifyFindWorktab" time="50.547">
    <failure type="org.openqa.selenium.ElementNotInteractableException" message="element not interactable
  (Session info: chrome=94.0.4606.71)
Build info: version: &amp;apos;3.141.59&amp;apos;, revision: &amp;apos;e82be7d358&amp;apos;, time: &amp;apos;2018-11-14T08:25:48&amp;apos;
System info: host: &amp;apos;DESKTOP-8AT6061&amp;apos;, ip: &amp;apos;192.168.101.7&amp;apos;, os.name: &amp;apos;Windows 10&amp;apos;, os.arch: &amp;apos;amd64&amp;apos;, os.version: &amp;apos;10.0&amp;apos;, java.version: &amp;apos;15.0.2&amp;apos;
Driver info: org.openqa.selenium.chrome.ChromeDriver
Capabilities {acceptInsecureCerts: false, browserName: chrome, browserVersion: 94.0.4606.71, chrome: {chromedriverVersion: 94.0.4606.61 (418b78f5838ed..., userDataDir: C:\Users\DELL\AppData\Local...}, goog:chromeOptions: {debuggerAddress: localhost:54896}, javascriptEnabled: true, networkConnectionEnabled: false, pageLoadStrategy: normal, platform: WINDOWS, platformName: WINDOWS, proxy: Proxy(), setWindowRect: true, strictFileInteractability: false, timeouts: {implicit: 0, pageLoad: 300000, script: 30000}, unhandledPromptBehavior: dismiss and notify, webauthn:extension:credBlob: true, webauthn:extension:largeBlob: true, webauthn:virtualAuthenticators: true}
Session ID: c6c8c4ef8edd6fb67cabaf8d38922d2d">
      <![CDATA[org.openqa.selenium.ElementNotInteractableException: element not interactable
  (Session info: chrome=94.0.4606.71)
Build info: version: '3.141.59', revision: 'e82be7d358', time: '2018-11-14T08:25:48'
System info: host: 'DESKTOP-8AT6061', ip: '192.168.101.7', os.name: 'Windows 10', os.arch: 'amd64', os.version: '10.0', java.version: '15.0.2'
Driver info: org.openqa.selenium.chrome.ChromeDriver
Capabilities {acceptInsecureCerts: false, browserName: chrome, browserVersion: 94.0.4606.71, chrome: {chromedriverVersion: 94.0.4606.61 (418b78f5838ed..., userDataDir: C:\Users\DELL\AppData\Local...}, goog:chromeOptions: {debuggerAddress: localhost:54896}, javascriptEnabled: true, networkConnectionEnabled: false, pageLoadStrategy: normal, platform: WINDOWS, platformName: WINDOWS, proxy: Proxy(), setWindowRect: true, strictFileInteractability: false, timeouts: {implicit: 0, pageLoad: 300000, script: 30000}, unhandledPromptBehavior: dismiss and notify, webauthn:extension:credBlob: true, webauthn:extension:largeBlob: true, webauthn:virtualAuthenticators: true}
Session ID: c6c8c4ef8edd6fb67cabaf8d38922d2d
at org.openqa.selenium.remote.http.W3CHttpResponseCodec.createException(W3CHttpResponseCodec.java:187)
at org.openqa.selenium.remote.http.W3CHttpResponseCodec.decode(W3CHttpResponseCodec.java:122)
at org.openqa.selenium.remote.http.W3CHttpResponseCodec.decode(W3CHttpResponseCodec.java:49)
at org.openqa.selenium.remote.HttpCommandExecutor.execute(HttpCommandExecutor.java:158)
at org.openqa.selenium.remote.service.DriverCommandExecutor.execute(DriverCommandExecutor.java:83)
at org.openqa.selenium.remote.RemoteWebDriver.execute(RemoteWebDriver.java:552)
at org.openqa.selenium.remote.RemoteWebElement.execute(RemoteWebElement.java:285)
at org.openqa.selenium.remote.RemoteWebElement.click(RemoteWebElement.java:84)
at SeleniumEx.TestCasewithTestNG.VerifyFindWorktab(TestCasewithTestNG.java:63)
at java.base/java.util.ArrayList.forEach(ArrayList.java:1511)
... Removed 32 stack frames]]>
    </failure>
  </testcase> <!-- VerifyFindWorktab -->
  <testcase classname="SeleniumEx.TestCasewithTestNG" name="verifyWebSiteTitleTest" time="0.013"/>
  <testcase classname="SeleniumEx.AmazonTestcase" name="VerifyCardisopen" time="0.002">
    <failure type="java.io.FileNotFoundException" message="mantatest.properties (The system cannot find the file specified)">
      <![CDATA[java.io.FileNotFoundException: mantatest.properties (The system cannot find the file specified)
at java.base/java.io.FileInputStream.open0(Native Method)
at java.base/java.io.FileInputStream.open(FileInputStream.java:211)
at java.base/java.io.FileInputStream.<init>(FileInputStream.java:153)
at java.base/java.io.FileInputStream.<init>(FileInputStream.java:108)
at SeleniumEx.AmazonTestcase.commoncod(AmazonTestcase.java:31)
at SeleniumEx.AmazonTestcase.VerifyCardisopen(AmazonTestcase.java:76)
at java.base/java.util.ArrayList.forEach(ArrayList.java:1511)
... Removed 27 stack frames]]>
    </failure>
  </testcase> <!-- VerifyCardisopen -->
  <testcase classname="SeleniumEx.AmazonTestcase" name="VerifyLogin" time="0.001">
    <failure type="java.io.FileNotFoundException" message="mantatest.properties (The system cannot find the file specified)">
      <![CDATA[java.io.FileNotFoundException: mantatest.properties (The system cannot find the file specified)
at java.base/java.io.FileInputStream.open0(Native Method)
at java.base/java.io.FileInputStream.open(FileInputStream.java:211)
at java.base/java.io.FileInputStream.<init>(FileInputStream.java:153)
at java.base/java.io.FileInputStream.<init>(FileInputStream.java:108)
at SeleniumEx.AmazonTestcase.commoncod(AmazonTestcase.java:31)
at SeleniumEx.AmazonTestcase.VerifyLogin(AmazonTestcase.java:57)
at java.base/java.util.ArrayList.forEach(ArrayList.java:1511)
... Removed 27 stack frames]]>
    </failure>
  </testcase> <!-- VerifyLogin -->
  <testcase classname="SeleniumEx.FirstEX" name="test01" time="6.744"/>
</testsuite> <!-- Test -->
